{"/Users/sophiebrown/Projects/review5/src/execute.js": {"path":"/Users/sophiebrown/Projects/review5/src/execute.js","statementMap":{"0":{"start":{"line":3,"column":23},"end":{"line":3,"column":41}},"1":{"start":{"line":4,"column":24},"end":{"line":4,"column":44}},"2":{"start":{"line":5,"column":4},"end":{"line":5,"column":35}},"3":{"start":{"line":6,"column":24},"end":{"line":6,"column":46}},"4":{"start":{"line":7,"column":4},"end":{"line":7,"column":24}},"5":{"start":{"line":12,"column":0},"end":{"line":12,"column":25}}},"fnMap":{"0":{"name":"(anonymous_0)","decl":{"start":{"line":2,"column":2},"end":{"line":2,"column":3}},"loc":{"start":{"line":2,"column":19},"end":{"line":8,"column":3}},"line":2}},"branchMap":{},"s":{"0":1,"1":1,"2":1,"3":1,"4":1,"5":1},"f":{"0":1},"b":{},"_coverageSchema":"1a1c01bbd47fc00a2c39e90264f33305004495a9","hash":"d553dd59b459b2c0c8f6ca2a3e18ad6900e223ad"}
}
